TN:
SF:src\index.js
FN:14,(anonymous_0)
FN:18,(anonymous_1)
FN:23,(anonymous_2)
FNF:3
FNH:0
FNDA:0,(anonymous_0)
FNDA:0,(anonymous_1)
FNDA:0,(anonymous_2)
DA:1,0
DA:2,0
DA:3,0
DA:4,0
DA:7,0
DA:9,0
DA:10,0
DA:11,0
DA:12,0
DA:14,0
DA:15,0
DA:18,0
DA:19,0
DA:20,0
DA:23,0
DA:24,0
DA:25,0
DA:28,0
DA:30,0
LF:19
LH:0
BRDA:10,0,0,0
BRDA:10,0,1,0
BRF:2
BRH:0
end_of_record
TN:
SF:src\controllers\movies-controller.js
FN:3,(anonymous_0)
FN:8,(anonymous_1)
FN:19,(anonymous_2)
FN:27,(anonymous_3)
FNF:4
FNH:1
FNDA:0,(anonymous_0)
FNDA:4,(anonymous_1)
FNDA:0,(anonymous_2)
FNDA:0,(anonymous_3)
DA:1,1
DA:3,1
DA:4,0
DA:5,0
DA:8,1
DA:9,4
DA:11,4
DA:12,4
DA:13,3
DA:15,1
DA:19,1
DA:20,0
DA:21,0
DA:23,0
DA:24,0
DA:27,1
DA:28,0
DA:29,0
DA:30,0
DA:33,1
LF:20
LH:11
BRF:0
BRH:0
end_of_record
TN:
SF:src\models\movie-model.js
FNF:0
FNH:0
DA:1,2
DA:3,2
DA:34,2
DA:35,2
LF:4
LH:4
BRF:0
BRH:0
end_of_record
TN:
SF:src\routes\movies.js
FNF:0
FNH:0
DA:1,0
DA:2,0
DA:4,0
DA:8,0
DA:9,0
DA:10,0
DA:11,0
DA:13,0
LF:8
LH:0
BRF:0
BRH:0
end_of_record
TN:
SF:src\services\movie-service.js
FN:3,(anonymous_0)
FN:8,(anonymous_1)
FN:14,(anonymous_2)
FN:21,(anonymous_3)
FN:25,(anonymous_4)
FNF:5
FNH:1
FNDA:0,(anonymous_0)
FNDA:3,(anonymous_1)
FNDA:0,(anonymous_2)
FNDA:0,(anonymous_3)
FNDA:0,(anonymous_4)
DA:1,2
DA:3,2
DA:4,0
DA:5,0
DA:8,2
DA:9,3
DA:10,3
DA:11,3
DA:14,2
DA:15,0
DA:18,0
DA:21,2
DA:22,0
DA:25,2
DA:26,0
DA:27,0
DA:30,2
LF:17
LH:10
BRF:0
BRH:0
end_of_record
